d:\projects\englishtyping\englishtyping\englishtyping\x64\release\translator.obj
d:\projects\englishtyping\englishtyping\englishtyping\x64\release\md5.obj
d:\projects\englishtyping\englishtyping\englishtyping\x64\release\main.obj
d:\projects\englishtyping\englishtyping\englishtyping\x64\release\moc_translator.obj
d:\projects\englishtyping\englishtyping\englishtyping\x64\release\moc_englishtyping.obj
d:\projects\englishtyping\englishtyping\englishtyping\x64\release\englishtyping.obj
d:\projects\englishtyping\englishtyping\englishtyping\x64\release\utilsinifile.obj
d:\projects\englishtyping\englishtyping\englishtyping\x64\release\utilsfiles.obj
d:\projects\englishtyping\englishtyping\englishtyping\x64\release\moc_utilsinifile.obj
d:\projects\englishtyping\englishtyping\englishtyping\x64\release\moc_utilsfiles.obj
d:\projects\englishtyping\englishtyping\englishtyping\x64\release\qrc_englishtyping.obj
d:\projects\englishtyping\englishtyping\englishtyping\generatedfiles\ui_englishtyping.h
d:\projects\englishtyping\englishtyping\englishtyping\generatedfiles\qrc_englishtyping.cpp
d:\projects\englishtyping\englishtyping\englishtyping\generatedfiles\release\moc_utilsfiles.cpp
d:\projects\englishtyping\englishtyping\englishtyping\generatedfiles\release\moc_utilsinifile.cpp
d:\projects\englishtyping\englishtyping\englishtyping\generatedfiles\release\moc_translator.cpp
d:\projects\englishtyping\englishtyping\englishtyping\generatedfiles\release\moc_englishtyping.cpp
d:\projects\englishtyping\englishtyping\x64\release\englishtyping.ilk
d:\projects\englishtyping\englishtyping\x64\release\englishtyping.exe
d:\projects\englishtyping\englishtyping\x64\release\englishtyping.pdb
d:\projects\englishtyping\englishtyping\englishtyping\x64\release\englishtyping.tlog\cl.command.1.tlog
d:\projects\englishtyping\englishtyping\englishtyping\x64\release\englishtyping.tlog\cl.read.1.tlog
d:\projects\englishtyping\englishtyping\englishtyping\x64\release\englishtyping.tlog\cl.write.1.tlog
d:\projects\englishtyping\englishtyping\englishtyping\x64\release\englishtyping.tlog\custombuild.command.1.tlog
d:\projects\englishtyping\englishtyping\englishtyping\x64\release\englishtyping.tlog\custombuild.read.1.tlog
d:\projects\englishtyping\englishtyping\englishtyping\x64\release\englishtyping.tlog\custombuild.write.1.tlog
d:\projects\englishtyping\englishtyping\englishtyping\x64\release\englishtyping.tlog\link.command.1.tlog
d:\projects\englishtyping\englishtyping\englishtyping\x64\release\englishtyping.tlog\link.read.1.tlog
d:\projects\englishtyping\englishtyping\englishtyping\x64\release\englishtyping.tlog\link.write.1.tlog
